[2017-12-20T11:04:41.444] [TRACE] http - ::1 - - "GET / HTTP/1.1" 200 2019 "" "Mozilla/5.0 (Windows NT 10.0; WOW64) AppleWebKit/537.36 (KHTML, like Gecko) Chrome/63.0.3239.84 Safari/537.36"
[2017-12-20T11:04:41.642] [TRACE] http - ::1 - - "GET /css/reset.css HTTP/1.1" 200 1829 "http://localhost:8080/" "Mozilla/5.0 (Windows NT 10.0; WOW64) AppleWebKit/537.36 (KHTML, like Gecko) Chrome/63.0.3239.84 Safari/537.36"
[2017-12-20T11:04:41.657] [TRACE] http - ::1 - - "GET /css/store.css HTTP/1.1" 200 1110 "http://localhost:8080/" "Mozilla/5.0 (Windows NT 10.0; WOW64) AppleWebKit/537.36 (KHTML, like Gecko) Chrome/63.0.3239.84 Safari/537.36"
[2017-12-20T11:04:41.695] [TRACE] http - ::1 - - "GET /js/jquery.min.js HTTP/1.1" 200 92629 "http://localhost:8080/" "Mozilla/5.0 (Windows NT 10.0; WOW64) AppleWebKit/537.36 (KHTML, like Gecko) Chrome/63.0.3239.84 Safari/537.36"
[2017-12-20T11:04:41.757] [TRACE] http - ::1 - - "GET /favicon.ico HTTP/1.1" 404 150 "http://localhost:8080/" "Mozilla/5.0 (Windows NT 10.0; WOW64) AppleWebKit/537.36 (KHTML, like Gecko) Chrome/63.0.3239.84 Safari/537.36"
[2017-12-20T11:06:31.429] [TRACE] http - ::1 - - "POST /register HTTP/1.1" 200 2 "http://localhost:8080/" "Mozilla/5.0 (Windows NT 10.0; WOW64) AppleWebKit/537.36 (KHTML, like Gecko) Chrome/63.0.3239.84 Safari/537.36"
[2017-12-20T11:06:31.438] [TRACE] http - ::1 - - "GET /login HTTP/1.1" 200 1693 "http://localhost:8080/" "Mozilla/5.0 (Windows NT 10.0; WOW64) AppleWebKit/537.36 (KHTML, like Gecko) Chrome/63.0.3239.84 Safari/537.36"
[2017-12-20T11:06:31.455] [TRACE] http - ::1 - - "GET /css/reset.css HTTP/1.1" 304 - "http://localhost:8080/login" "Mozilla/5.0 (Windows NT 10.0; WOW64) AppleWebKit/537.36 (KHTML, like Gecko) Chrome/63.0.3239.84 Safari/537.36"
[2017-12-20T11:06:31.455] [TRACE] http - ::1 - - "GET /css/store.css HTTP/1.1" 304 - "http://localhost:8080/login" "Mozilla/5.0 (Windows NT 10.0; WOW64) AppleWebKit/537.36 (KHTML, like Gecko) Chrome/63.0.3239.84 Safari/537.36"
[2017-12-20T11:06:31.457] [TRACE] http - ::1 - - "GET /js/jquery.min.js HTTP/1.1" 304 - "http://localhost:8080/login" "Mozilla/5.0 (Windows NT 10.0; WOW64) AppleWebKit/537.36 (KHTML, like Gecko) Chrome/63.0.3239.84 Safari/537.36"
[2017-12-20T11:06:47.516] [TRACE] http - ::1 - - "GET /register HTTP/1.1" 200 2058 "http://localhost:8080/login" "Mozilla/5.0 (Windows NT 10.0; WOW64) AppleWebKit/537.36 (KHTML, like Gecko) Chrome/63.0.3239.84 Safari/537.36"
[2017-12-20T11:06:47.530] [TRACE] http - ::1 - - "GET /css/reset.css HTTP/1.1" 304 - "http://localhost:8080/register" "Mozilla/5.0 (Windows NT 10.0; WOW64) AppleWebKit/537.36 (KHTML, like Gecko) Chrome/63.0.3239.84 Safari/537.36"
[2017-12-20T11:06:47.532] [TRACE] http - ::1 - - "GET /css/store.css HTTP/1.1" 304 - "http://localhost:8080/register" "Mozilla/5.0 (Windows NT 10.0; WOW64) AppleWebKit/537.36 (KHTML, like Gecko) Chrome/63.0.3239.84 Safari/537.36"
[2017-12-20T11:06:47.535] [TRACE] http - ::1 - - "GET /js/jquery.min.js HTTP/1.1" 304 - "http://localhost:8080/register" "Mozilla/5.0 (Windows NT 10.0; WOW64) AppleWebKit/537.36 (KHTML, like Gecko) Chrome/63.0.3239.84 Safari/537.36"
[2017-12-20T11:06:50.084] [TRACE] http - ::1 - - "GET /login HTTP/1.1" 304 - "http://localhost:8080/register" "Mozilla/5.0 (Windows NT 10.0; WOW64) AppleWebKit/537.36 (KHTML, like Gecko) Chrome/63.0.3239.84 Safari/537.36"
[2017-12-20T11:06:50.095] [TRACE] http - ::1 - - "GET /css/reset.css HTTP/1.1" 304 - "http://localhost:8080/login" "Mozilla/5.0 (Windows NT 10.0; WOW64) AppleWebKit/537.36 (KHTML, like Gecko) Chrome/63.0.3239.84 Safari/537.36"
[2017-12-20T11:06:50.096] [TRACE] http - ::1 - - "GET /css/store.css HTTP/1.1" 304 - "http://localhost:8080/login" "Mozilla/5.0 (Windows NT 10.0; WOW64) AppleWebKit/537.36 (KHTML, like Gecko) Chrome/63.0.3239.84 Safari/537.36"
[2017-12-20T11:06:50.098] [TRACE] http - ::1 - - "GET /js/jquery.min.js HTTP/1.1" 304 - "http://localhost:8080/login" "Mozilla/5.0 (Windows NT 10.0; WOW64) AppleWebKit/537.36 (KHTML, like Gecko) Chrome/63.0.3239.84 Safari/537.36"
[2017-12-20T11:07:04.069] [TRACE] http - ::1 - - "POST /login HTTP/1.1" 200 2 "http://localhost:8080/login" "Mozilla/5.0 (Windows NT 10.0; WOW64) AppleWebKit/537.36 (KHTML, like Gecko) Chrome/63.0.3239.84 Safari/537.36"
[2017-12-20T11:07:04.070] [TRACE] http - ::1 - - "GET /login?uname=admin&upwd=123456 HTTP/1.1" 200 1693 "http://localhost:8080/login" "Mozilla/5.0 (Windows NT 10.0; WOW64) AppleWebKit/537.36 (KHTML, like Gecko) Chrome/63.0.3239.84 Safari/537.36"
[2017-12-20T11:07:04.077] [TRACE] http - ::1 - - "GET /register HTTP/1.1" 304 - "http://localhost:8080/login" "Mozilla/5.0 (Windows NT 10.0; WOW64) AppleWebKit/537.36 (KHTML, like Gecko) Chrome/63.0.3239.84 Safari/537.36"
[2017-12-20T11:07:04.083] [TRACE] http - ::1 - - "GET /css/reset.css HTTP/1.1" 304 - "http://localhost:8080/login?uname=admin&upwd=123456" "Mozilla/5.0 (Windows NT 10.0; WOW64) AppleWebKit/537.36 (KHTML, like Gecko) Chrome/63.0.3239.84 Safari/537.36"
[2017-12-20T11:07:04.085] [TRACE] http - ::1 - - "GET /css/store.css HTTP/1.1" 304 - "http://localhost:8080/login?uname=admin&upwd=123456" "Mozilla/5.0 (Windows NT 10.0; WOW64) AppleWebKit/537.36 (KHTML, like Gecko) Chrome/63.0.3239.84 Safari/537.36"
[2017-12-20T11:07:04.087] [TRACE] http - ::1 - - "GET /js/jquery.min.js HTTP/1.1" 304 - "http://localhost:8080/login?uname=admin&upwd=123456" "Mozilla/5.0 (Windows NT 10.0; WOW64) AppleWebKit/537.36 (KHTML, like Gecko) Chrome/63.0.3239.84 Safari/537.36"
[2017-12-20T11:07:04.121] [TRACE] http - ::1 - - "GET /css/reset.css HTTP/1.1" 304 - "http://localhost:8080/register" "Mozilla/5.0 (Windows NT 10.0; WOW64) AppleWebKit/537.36 (KHTML, like Gecko) Chrome/63.0.3239.84 Safari/537.36"
[2017-12-20T11:07:04.123] [TRACE] http - ::1 - - "GET /css/store.css HTTP/1.1" 304 - "http://localhost:8080/register" "Mozilla/5.0 (Windows NT 10.0; WOW64) AppleWebKit/537.36 (KHTML, like Gecko) Chrome/63.0.3239.84 Safari/537.36"
[2017-12-20T11:07:04.124] [TRACE] http - ::1 - - "GET /js/jquery.min.js HTTP/1.1" 304 - "http://localhost:8080/register" "Mozilla/5.0 (Windows NT 10.0; WOW64) AppleWebKit/537.36 (KHTML, like Gecko) Chrome/63.0.3239.84 Safari/537.36"
